
ROM used:   4118/8192 (50%)
            6123/8192 (75%) including unused fragments

            1.1 Average locations per line
            4.9 Average locations per statement

RAM used:   47/368 (13%) at main() level
            69/368 (19%) worst case

Stack used: 7 worst case (6 in main + 1 for interrupts)
Stack size: 8

Lines Stmts  %   Files
----- ----- ---  -----
  650   493  59  main.c
   11     0   0  main.h
  707     0   0  ..\..\..\..\..\Program Files (x86)\PICC\Devices\16F877A.h
  249    88  10  lcd.h
 2228   258  31  ..\..\..\..\..\Program Files (x86)\PICC\Drivers\math.h
----- -----
 3845   839 Total

Page ROM  %  RAM    Vol Diff  Functions:
---- --- --- ---    --- ----  ----------
0     63   2   10             @FLT
0     29   1    2             @ITOF
0    117   3   13             @MULFF
0    202   5   14             @DIVFF
0     21   1    1             @delay_ms2
0      8   0    0             @const863
0     58   1    2    594  4.3  lcd_init
 Inline         3    620  3.8  lcd_read_byte
0     49   1    2    204  3.2  lcd_read_nibble
0     87   2    3    313  3.4  lcd_send_byte
0     43   1    1    336  1.9  lcd_send_nibble
0     35   1    4    335  5.5  lcd_gotoxy
0     36   1    1    289  3.1  lcd_putc
0     32   1    1    197  1.8  hienthi
0     11   0    0             @const883
0     86   2    4             @PSTRINGC7_860
0     11   0    0             @const888
0     32   1    1    197  1.8  hienthi_mode
0     11   0    0             @const892
0     11   0    0             @const893
0     24   1    0    110  1.6  xoamanhinh
0      9   0    0             @const899
0      9   0    0             @const900
0     32   1    1    197  1.8  mode_manual
0      8   0    0             @const903
0      8   0    0             @const904
0     31   1    1    197  1.8  luachon_caidat
0      8   0    0             @const908
0      8   0    0             @const909
0     32   1    1    197  1.8  caidat_fan
0      5   0    0             @const913
0      5   0    0             @const914
1     44   1    1    197  1.8  caidat_light
0      7   0    0             @const918
0      4   0    0             @const919
0      8   0    0     48  1.1  timerbatquat_batden
 Inline         0    334  6.1  batden
0     40   1    0     56  1.9  TIMER0_isr
0     82   2    1    601  3.3  display_onoff
0      4   0    0             @const932
0      4   0    0             @const933
0      4   0    0             @const934
0      4   0    0             @const935
0      3   0    0             @const936
0      3   0    0             @const937
0    125   3    2    292  4.3  bat_tat_quat
2   2027  49    6  18549 11.4  MAIN
0      7   0    0             @const945
0      7   0    0             @const946
0      6   0    0             @const949
0     89   2    5             @PSTRINGCN7_860
 Inline         5             @FTOSD
0     79   2   13             @DIV3232
0    226   5   13             @PRINTF_L32D_860FPFPF
0      1   0    0             @const960
0      8   0    0             @const961
0      8   0    0             @const962
0      8   0    0             @const963
0      8   0    0             @const964
0     21   1    3             @DIV88
0     87   2    6             @PRINTF_D_860
0      1   0    0             @const973
0      1   0    0             @const976
0      1   0    0             @const977
0      1   0    0             @const980
 Inline         0             @cinit1

Program metrics:
    Functions               20
    Statements              839
    Comments                582
    Volume (V)              30945
    Difficulty (D)          66.3
    Effort to implement (E) 2052419
    Time to implement (T)   31 hours, 40 minutes
    Est Delivered Bugs (B)  5
    Cyclomatic Complexity   83
    Maintainability (MI)    115

 Segment     Used  Free
-----------  ----  ----
00000-00003     4  0  
00004-0004E    75  0  
0004F-007FF  1968  1  
00800-00FFF    44  2004  
01000-017FF  2027  21  
01800-01FFF     0  2048  



